This is pdfTeX, Version 3.14159265-2.6-1.40.19 (MiKTeX 2.9.6840 64-bit) (preloaded format=pdftex 2018.12.16)  15 JAN 2020 19:11
entering extended mode
**./biblio.bib
(biblio.bib
! Undefined control sequence.
l.7       howpublished={\url
                            {https://docs.unity3d.com/Manual/index.html/}}
? q
OK, entering \batchmode...
! Undefined control sequence.
l.14       howpublished={\url
                             {https://docs.microsoft.com/pl-pl/dotnet/csharp...
The control sequence at the end of the top line
of your error message was never \def'ed. If you have
misspelled it (e.g., `\hobx'), type `I' and the correct
spelling (e.g., `I\hbox'). Otherwise just continue,
and I'll forget about whatever was undefined.

! Undefined control sequence.
l.19       howpublished={\url
                             {https://docs.blender.org/manual/en/dev/}}
The control sequence at the end of the top line
of your error message was never \def'ed. If you have
misspelled it (e.g., `\hobx'), type `I' and the correct
spelling (e.g., `I\hbox'). Otherwise just continue,
and I'll forget about whatever was undefined.


Overfull \hbox (34.71838pt too wide) in paragraph at lines 2--21
\tenrm howpublished=https://docs.microsoft.com/pl-pl/dotnet/csharp/programming-
guide/l  @misc3, au-thor = "Blender",|

\hbox(7.5+2.5)x469.75499, glue set - 1.0
.\tenrm h
.\tenrm o
.\kern-0.27779
.\tenrm w
.\tenrm p
.etc.

)
! Emergency stop.
<*> ./biblio.bib
                
*** (job aborted, no legal \end found)

!  ==> Fatal error occurred, no output PDF file produced!
