This is pdfTeX, Version 3.14159265-2.6-1.40.19 (MiKTeX 2.9.6840 64-bit) (preloaded format=pdflatex 2018.12.16)  26 JAN 2020 13:39
entering extended mode
**./praca_inz.tex
(praca_inz.tex
LaTeX2e <2018-04-01> patch level 5
("C:\Users\rooka\AppData\Local\Programs\MiKTeX 2.9\tex\latex\mwcls\mwrep.cls"
Document Class: mwrep 2017/05/13 v0.75 A LaTeX document class (MW)
*** Beta version. Formatting may change
*** in future versions of this class.
("C:\Users\rooka\AppData\Local\Programs\MiKTeX 2.9\tex\latex\mwcls\mw12.clo"
File: mw12.clo 2017/05/13 v0.75 A document class size option (MW)
)
\@parindent=\dimen102
\c@part=\count80
\c@chapter=\count81
\c@section=\count82
\c@subsection=\count83
\c@subsubsection=\count84
\c@paragraph=\count85
\c@subparagraph=\count86
\c@figure=\count87
\c@table=\count88
\abovecaptionskip=\skip41
\belowcaptionskip=\skip42
\bibindent=\dimen103
)
("C:\Users\rooka\AppData\Local\Programs\MiKTeX 2.9\tex\latex\base\inputenc.sty"
Package: inputenc 2018/04/06 v1.3b Input encoding file
\inpenc@prehook=\toks14
\inpenc@posthook=\toks15
) ("C:\Users\rooka\AppData\Local\Programs\MiKTeX 2.9\tex\latex\base\fontenc.sty
"
Package: fontenc 2017/04/05 v2.0i Standard LaTeX package
 ("C:\Users\rooka\AppData\Local\Programs\MiKTeX 2.9\tex\latex\base\t1enc.def"
File: t1enc.def 2017/04/05 v2.0i Standard LaTeX file
LaTeX Font Info:    Redeclaring font encoding T1 on input line 48.
)) ("C:\Users\rooka\AppData\Local\Programs\MiKTeX 2.9\tex\generic\babel\babel.s
ty"
Package: babel 2018/09/26 3.24 The Babel package

("C:\Users\rooka\AppData\Local\Programs\MiKTeX 2.9\tex\generic\babel\switch.def
"
File: switch.def 2018/09/26 3.24 Babel switching mechanism
)
*************************************
* Local config file bblopts.cfg used
*
("C:\Users\rooka\AppData\Local\Programs\MiKTeX 2.9\tex\latex\arabi\bblopts.cfg"
File: bblopts.cfg 2005/09/08 v0.1 add Arabic and Farsi to "declared" options of
 babel
)
("C:\Users\rooka\AppData\Local\Programs\MiKTeX 2.9\tex\latex\babel-polish\polis
h.ldf"
Language: polish 2005/03/31 v1.2l Polish support from the babel system

("C:\Users\rooka\AppData\Local\Programs\MiKTeX 2.9\tex\generic\babel\babel.def"
File: babel.def 2018/09/26 3.24 Babel common definitions
\babel@savecnt=\count89
\U@D=\dimen104

("C:\Users\rooka\AppData\Local\Programs\MiKTeX 2.9\tex\generic\babel\txtbabel.d
ef")
\bbl@dirlevel=\count90
)
Package babel Info: Making " an active character on input line 83.
\pl@left=\dimen105
\pl@down=\dimen106
\pl@right=\dimen107
\pl@temp=\dimen108
))
("C:\Users\rooka\AppData\Local\Programs\MiKTeX 2.9\tex\latex\hyperref\hyperref.
sty"
Package: hyperref 2018/09/30 v6.88a Hypertext links for LaTeX

("C:\Users\rooka\AppData\Local\Programs\MiKTeX 2.9\tex\generic\oberdiek\hobsub-
hyperref.sty"
Package: hobsub-hyperref 2016/05/16 v1.14 Bundle oberdiek, subset hyperref (HO)


("C:\Users\rooka\AppData\Local\Programs\MiKTeX 2.9\tex\generic\oberdiek\hobsub-
generic.sty"
Package: hobsub-generic 2016/05/16 v1.14 Bundle oberdiek, subset generic (HO)
Package: hobsub 2016/05/16 v1.14 Construct package bundles (HO)
Package: infwarerr 2016/05/16 v1.4 Providing info/warning/error messages (HO)
Package: ltxcmds 2016/05/16 v1.23 LaTeX kernel commands for general use (HO)
Package: ifluatex 2016/05/16 v1.4 Provides the ifluatex switch (HO)
Package ifluatex Info: LuaTeX not detected.
Package: ifvtex 2016/05/16 v1.6 Detect VTeX and its facilities (HO)
Package ifvtex Info: VTeX not detected.
Package: intcalc 2016/05/16 v1.2 Expandable calculations with integers (HO)
Package: ifpdf 2018/09/07 v3.3 Provides the ifpdf switch
Package: etexcmds 2016/05/16 v1.6 Avoid name clashes with e-TeX commands (HO)
Package etexcmds Info: Could not find \expanded.
(etexcmds)             That can mean that you are not using pdfTeX 1.50 or
(etexcmds)             that some package has redefined \expanded.
(etexcmds)             In the latter case, load this package earlier.
Package: kvsetkeys 2016/05/16 v1.17 Key value parser (HO)
Package: kvdefinekeys 2016/05/16 v1.4 Define keys (HO)
Package: pdftexcmds 2018/09/10 v0.29 Utility functions of pdfTeX for LuaTeX (HO
)
Package pdftexcmds Info: LuaTeX not detected.
Package pdftexcmds Info: \pdf@primitive is available.
Package pdftexcmds Info: \pdf@ifprimitive is available.
Package pdftexcmds Info: \pdfdraftmode found.
Package: pdfescape 2016/05/16 v1.14 Implements pdfTeX's escape features (HO)
Package: bigintcalc 2016/05/16 v1.4 Expandable calculations on big integers (HO
)
Package: bitset 2016/05/16 v1.2 Handle bit-vector datatype (HO)
Package: uniquecounter 2016/05/16 v1.3 Provide unlimited unique counter (HO)
)
Package hobsub Info: Skipping package `hobsub' (already loaded).
Package: letltxmacro 2016/05/16 v1.5 Let assignment for LaTeX macros (HO)
Package: hopatch 2016/05/16 v1.3 Wrapper for package hooks (HO)
Package: xcolor-patch 2016/05/16 xcolor patch
Package: atveryend 2016/05/16 v1.9 Hooks at the very end of document (HO)
Package atveryend Info: \enddocument detected (standard20110627).
Package: atbegshi 2016/06/09 v1.18 At begin shipout hook (HO)
Package: refcount 2016/05/16 v3.5 Data extraction from label references (HO)
Package: hycolor 2016/05/16 v1.8 Color options for hyperref/bookmark (HO)
)
("C:\Users\rooka\AppData\Local\Programs\MiKTeX 2.9\tex\latex\graphics\keyval.st
y"
Package: keyval 2014/10/28 v1.15 key=value parser (DPC)
\KV@toks@=\toks16
)
("C:\Users\rooka\AppData\Local\Programs\MiKTeX 2.9\tex\generic\ifxetex\ifxetex.
sty"
Package: ifxetex 2010/09/12 v0.6 Provides ifxetex conditional
)
("C:\Users\rooka\AppData\Local\Programs\MiKTeX 2.9\tex\latex\oberdiek\auxhook.s
ty"
Package: auxhook 2016/05/16 v1.4 Hooks for auxiliary files (HO)
)
("C:\Users\rooka\AppData\Local\Programs\MiKTeX 2.9\tex\latex\oberdiek\kvoptions
.sty"
Package: kvoptions 2016/05/16 v3.12 Key value format for package options (HO)
)
\@linkdim=\dimen109
\Hy@linkcounter=\count91
\Hy@pagecounter=\count92

("C:\Users\rooka\AppData\Local\Programs\MiKTeX 2.9\tex\latex\hyperref\pd1enc.de
f"
File: pd1enc.def 2018/09/30 v6.88a Hyperref: PDFDocEncoding definition (HO)
Now handling font encoding PD1 ...
... no UTF-8 mapping file for font encoding PD1
)
\Hy@SavedSpaceFactor=\count93

("C:\Users\rooka\AppData\Local\Programs\MiKTeX 2.9\tex\latex\00miktex\hyperref.
cfg"
File: hyperref.cfg 2002/06/06 v1.2 hyperref configuration of TeXLive
)
Package hyperref Info: Option `unicode' set `true' on input line 4409.

("C:\Users\rooka\AppData\Local\Programs\MiKTeX 2.9\tex\latex\hyperref\puenc.def
"
File: puenc.def 2018/09/30 v6.88a Hyperref: PDF Unicode definition (HO)
Now handling font encoding PU ...
... no UTF-8 mapping file for font encoding PU
)
Package hyperref Info: Hyper figures OFF on input line 4535.
Package hyperref Info: Link nesting OFF on input line 4540.
Package hyperref Info: Hyper index ON on input line 4543.
Package hyperref Info: Plain pages OFF on input line 4550.
Package hyperref Info: Backreferencing OFF on input line 4555.
Package hyperref Info: Implicit mode ON; LaTeX internals redefined.
Package hyperref Info: Bookmarks ON on input line 4788.
\c@Hy@tempcnt=\count94
 ("C:\Users\rooka\AppData\Local\Programs\MiKTeX 2.9\tex\latex\url\url.sty"
\Urlmuskip=\muskip10
Package: url 2013/09/16  ver 3.4  Verb mode for urls, etc.
)
LaTeX Info: Redefining \url on input line 5141.
\XeTeXLinkMargin=\dimen110
\Fld@menulength=\count95
\Field@Width=\dimen111
\Fld@charsize=\dimen112
Package hyperref Info: Hyper figures OFF on input line 6396.
Package hyperref Info: Link nesting OFF on input line 6401.
Package hyperref Info: Hyper index ON on input line 6404.
Package hyperref Info: backreferencing OFF on input line 6411.
Package hyperref Info: Link coloring OFF on input line 6416.
Package hyperref Info: Link coloring with OCG OFF on input line 6421.
Package hyperref Info: PDF/A mode OFF on input line 6426.
LaTeX Info: Redefining \ref on input line 6466.
LaTeX Info: Redefining \pageref on input line 6470.
\Hy@abspage=\count96
\c@Item=\count97
\c@Hfootnote=\count98
)
Package hyperref Info: Driver (autodetected): hpdftex.

("C:\Users\rooka\AppData\Local\Programs\MiKTeX 2.9\tex\latex\hyperref\hpdftex.d
ef"
File: hpdftex.def 2018/09/30 v6.88a Hyperref driver for pdfTeX
\Fld@listcount=\count99
\c@bookmark@seq@number=\count100

("C:\Users\rooka\AppData\Local\Programs\MiKTeX 2.9\tex\latex\oberdiek\rerunfile
check.sty"
Package: rerunfilecheck 2016/05/16 v1.8 Rerun checks for auxiliary files (HO)
Package uniquecounter Info: New unique counter `rerunfilecheck' on input line 2
82.
)
\Hy@SectionHShift=\skip43
)
("C:\Users\rooka\AppData\Local\Programs\MiKTeX 2.9\tex\latex\tools\indentfirst.
sty"
Package: indentfirst 1995/11/23 v1.03 Indent first paragraph (DPC)
)
("C:\Users\rooka\AppData\Local\Programs\MiKTeX 2.9\tex\latex\graphics\graphicx.
sty"
Package: graphicx 2017/06/01 v1.1a Enhanced LaTeX Graphics (DPC,SPQR)

("C:\Users\rooka\AppData\Local\Programs\MiKTeX 2.9\tex\latex\graphics\graphics.
sty"
Package: graphics 2017/06/25 v1.2c Standard LaTeX Graphics (DPC,SPQR)

("C:\Users\rooka\AppData\Local\Programs\MiKTeX 2.9\tex\latex\graphics\trig.sty"
Package: trig 2016/01/03 v1.10 sin cos tan (DPC)
)
("C:\Users\rooka\AppData\Local\Programs\MiKTeX 2.9\tex\latex\graphics-cfg\graph
ics.cfg"
File: graphics.cfg 2016/06/04 v1.11 sample graphics configuration
)
Package graphics Info: Driver file: pdftex.def on input line 99.

("C:\Users\rooka\AppData\Local\Programs\MiKTeX 2.9\tex\latex\graphics-def\pdfte
x.def"
File: pdftex.def 2018/01/08 v1.0l Graphics/color driver for pdftex
))
\Gin@req@height=\dimen113
\Gin@req@width=\dimen114
)
("C:\Users\rooka\AppData\Local\Programs\MiKTeX 2.9\tex\latex\graphics\color.sty
"
Package: color 2016/07/10 v1.1e Standard LaTeX Color (DPC)

("C:\Users\rooka\AppData\Local\Programs\MiKTeX 2.9\tex\latex\graphics-cfg\color
.cfg"
File: color.cfg 2016/01/02 v1.6 sample color configuration
)
Package color Info: Driver file: pdftex.def on input line 147.
)
("C:\Users\rooka\AppData\Local\Programs\MiKTeX 2.9\tex\latex\tools\tabularx.sty
"
Package: tabularx 2016/02/03 v2.11b `tabularx' package (DPC)
 ("C:\Users\rooka\AppData\Local\Programs\MiKTeX 2.9\tex\latex\tools\array.sty"
Package: array 2018/04/30 v2.4h Tabular extension package (FMi)
\col@sep=\dimen115
\ar@mcellbox=\box26
\extrarowheight=\dimen116
\NC@list=\toks17
\extratabsurround=\skip44
\backup@length=\skip45
\ar@cellbox=\box27
)
\TX@col@width=\dimen117
\TX@old@table=\dimen118
\TX@old@col=\dimen119
\TX@target=\dimen120
\TX@delta=\dimen121
\TX@cols=\count101
\TX@ftn=\toks18
)
("C:\Users\rooka\AppData\Local\Programs\MiKTeX 2.9\tex\latex\colortbl\colortbl.
sty"
Package: colortbl 2018/12/12 v1.0d Color table columns (DPC)
\everycr=\toks19
\minrowclearance=\skip46
)
("C:\Users\rooka\AppData\Local\Programs\MiKTeX 2.9\tex\latex\overpic\overpic.st
y"
Package: overpic 2018/09/02 1.2 picture overlays (RN)
 ("C:\Users\rooka\AppData\Local\Programs\MiKTeX 2.9\tex\latex\eepic\epic.sty"
Enhancements to Picture Environment. Version 1.2 - Released June 1, 1986
\@@multicnt=\count102
\d@lta=\count103
\@delta=\dimen122
\@@delta=\dimen123
\@gridcnt=\count104
\@joinkind=\count105
\@dotgap=\dimen124
\@ddotgap=\dimen125
\@x@diff=\count106
\@y@diff=\count107
\x@diff=\dimen126
\y@diff=\dimen127
\@dotbox=\box28
\num@segments=\count108
\num@segmentsi=\count109
\@datafile=\read1
)
\OVP@box=\box29
)
("C:\Users\rooka\AppData\Local\Programs\MiKTeX 2.9\tex\latex\xcolor\xcolor.sty"
Package: xcolor 2016/05/11 v2.12 LaTeX color extensions (UK)

("C:\Users\rooka\AppData\Local\Programs\MiKTeX 2.9\tex\latex\graphics-cfg\color
.cfg"
File: color.cfg 2016/01/02 v1.6 sample color configuration
)
Package xcolor Info: Driver file: pdftex.def on input line 225.
LaTeX Info: Redefining \color on input line 709.
Package xcolor Info: Model `cmy' substituted by `cmy0' on input line 1348.
Package xcolor Info: Model `hsb' substituted by `rgb' on input line 1352.
Package xcolor Info: Model `RGB' extended on input line 1364.
Package xcolor Info: Model `HTML' substituted by `rgb' on input line 1366.
Package xcolor Info: Model `Hsb' substituted by `hsb' on input line 1367.
Package xcolor Info: Model `tHsb' substituted by `hsb' on input line 1368.
Package xcolor Info: Model `HSB' substituted by `hsb' on input line 1369.
Package xcolor Info: Model `Gray' substituted by `gray' on input line 1370.
Package xcolor Info: Model `wave' substituted by `hsb' on input line 1371.
)
("C:\Users\rooka\AppData\Local\Programs\MiKTeX 2.9\tex\latex\varwidth\varwidth.
sty"
Package: varwidth 2009/03/30 ver 0.92;  Variable-width minipages
\@vwid@box=\box30
\sift@deathcycles=\count110
\@vwid@loff=\dimen128
\@vwid@roff=\dimen129
)
("C:\Users\rooka\AppData\Local\Programs\MiKTeX 2.9\tex\latex\multirow\multirow.
sty"
Package: multirow 2018/08/03 v2.3 Span multiple rows of a table
\multirow@colwidth=\skip47
\multirow@cntb=\count111
\multirow@dima=\skip48
\bigstrutjot=\dimen130
)
("C:\Users\rooka\AppData\Local\Programs\MiKTeX 2.9\tex\latex\caption\caption.st
y"
Package: caption 2018/10/06 v3.3-154 Customizing captions (AR)

("C:\Users\rooka\AppData\Local\Programs\MiKTeX 2.9\tex\latex\caption\caption3.s
ty"
Package: caption3 2018/09/12 v1.8c caption3 kernel (AR)
Package caption3 Info: TeX engine: e-TeX on input line 64.
\captionmargin=\dimen131
\captionmargin@=\dimen132
\captionwidth=\dimen133
\caption@tempdima=\dimen134
\caption@indent=\dimen135
\caption@parindent=\dimen136
\caption@hangindent=\dimen137
Package caption Info: Unknown document class (or package),
(caption)             standard defaults will be used.
)

Package caption Warning: Unsupported document class (or package) detected,
(caption)                usage of the caption package is not recommended.
See the caption package documentation for explanation.

Package caption Info: \@makecaption = \long macro:#1#2->\addvspace \abovecaptio
nskip \bgroup \centeredlast #1.\enspace #2\par \egroup \vskip \belowcaptionskip
 .
\c@caption@flags=\count112
\c@ContinuedFloat=\count113
Package caption Info: hyperref package is loaded.
)
("C:\Users\rooka\AppData\Local\Programs\MiKTeX 2.9\tex\latex\pdfpages\pdfpages.
sty"
Package: pdfpages 2017/10/31 v0.5l Insert pages of external PDF documents (AM)

("C:\Users\rooka\AppData\Local\Programs\MiKTeX 2.9\tex\latex\base\ifthen.sty"
Package: ifthen 2014/09/29 v1.1c Standard LaTeX ifthen package (DPC)
)
("C:\Users\rooka\AppData\Local\Programs\MiKTeX 2.9\tex\latex\tools\calc.sty"
Package: calc 2017/05/25 v4.3 Infix arithmetic (KKT,FJ)
\calc@Acount=\count114
\calc@Bcount=\count115
\calc@Adimen=\dimen138
\calc@Bdimen=\dimen139
\calc@Askip=\skip49
\calc@Bskip=\skip50
LaTeX Info: Redefining \setlength on input line 80.
LaTeX Info: Redefining \addtolength on input line 81.
\calc@Ccount=\count116
\calc@Cskip=\skip51
)
("C:\Users\rooka\AppData\Local\Programs\MiKTeX 2.9\tex\latex\eso-pic\eso-pic.st
y"
Package: eso-pic 2018/04/12 v2.0h eso-pic (RN)
)
\AM@pagewidth=\dimen140
\AM@pageheight=\dimen141

("C:\Users\rooka\AppData\Local\Programs\MiKTeX 2.9\tex\latex\pdfpages\pppdftex.
def"
File: pppdftex.def 2017/10/31 v0.5l Pdfpages driver for pdfTeX (AM)
)
\AM@pagebox=\box31
\AM@global@opts=\toks20
\AM@toc@title=\toks21
\c@AM@survey=\count117
\AM@templatesizebox=\box32
)
("C:\Users\rooka\AppData\Local\Programs\MiKTeX 2.9\tex\latex\lipsum\lipsum.sty"
("C:\Users\rooka\AppData\Local\Programs\MiKTeX 2.9\tex\latex\l3kernel\expl3.sty
"
Package: expl3 2018-11-19 L3 programming layer (loader) 

("C:\Users\rooka\AppData\Local\Programs\MiKTeX 2.9\tex\latex\l3kernel\expl3-cod
e.tex"
Package: expl3 2018-11-19 L3 programming layer (code)
\c_max_int=\count118
\l_tmpa_int=\count119
\l_tmpb_int=\count120
\g_tmpa_int=\count121
\g_tmpb_int=\count122
\g__kernel_prg_map_int=\count123
\c_log_iow=\count124
\l_iow_line_count_int=\count125
\l__iow_line_target_int=\count126
\l__iow_one_indent_int=\count127
\l__iow_indent_int=\count128
\c_zero_dim=\dimen142
\c_max_dim=\dimen143
\l_tmpa_dim=\dimen144
\l_tmpb_dim=\dimen145
\g_tmpa_dim=\dimen146
\g_tmpb_dim=\dimen147
\c_zero_skip=\skip52
\c_max_skip=\skip53
\l_tmpa_skip=\skip54
\l_tmpb_skip=\skip55
\g_tmpa_skip=\skip56
\g_tmpb_skip=\skip57
\c_zero_muskip=\muskip11
\c_max_muskip=\muskip12
\l_tmpa_muskip=\muskip13
\l_tmpb_muskip=\muskip14
\g_tmpa_muskip=\muskip15
\g_tmpb_muskip=\muskip16
\l_keys_choice_int=\count129
\l__intarray_loop_int=\count130
\c__intarray_sp_dim=\dimen148
\g__intarray_font_int=\count131
\c__fp_leading_shift_int=\count132
\c__fp_middle_shift_int=\count133
\c__fp_trailing_shift_int=\count134
\c__fp_big_leading_shift_int=\count135
\c__fp_big_middle_shift_int=\count136
\c__fp_big_trailing_shift_int=\count137
\c__fp_Bigg_leading_shift_int=\count138
\c__fp_Bigg_middle_shift_int=\count139
\c__fp_Bigg_trailing_shift_int=\count140
\c__kernel_randint_max_int=\count141
\g__fp_array_int=\count142
\l__fp_array_loop_int=\count143
\l__sort_length_int=\count144
\l__sort_min_int=\count145
\l__sort_top_int=\count146
\l__sort_max_int=\count147
\l__sort_true_max_int=\count148
\l__sort_block_int=\count149
\l__sort_begin_int=\count150
\l__sort_end_int=\count151
\l__sort_A_int=\count152
\l__sort_B_int=\count153
\l__sort_C_int=\count154
\l__tl_analysis_normal_int=\count155
\l__tl_analysis_index_int=\count156
\l__tl_analysis_nesting_int=\count157
\l__tl_analysis_type_int=\count158
\l__regex_internal_a_int=\count159
\l__regex_internal_b_int=\count160
\l__regex_internal_c_int=\count161
\l__regex_balance_int=\count162
\l__regex_group_level_int=\count163
\l__regex_mode_int=\count164
\c__regex_cs_in_class_mode_int=\count165
\c__regex_cs_mode_int=\count166
\l__regex_catcodes_int=\count167
\l__regex_default_catcodes_int=\count168
\c__regex_catcode_D_int=\count169
\c__regex_catcode_S_int=\count170
\c__regex_catcode_L_int=\count171
\c__regex_catcode_O_int=\count172
\c__regex_catcode_A_int=\count173
\c__regex_all_catcodes_int=\count174
\l__regex_show_lines_int=\count175
\l__regex_min_state_int=\count176
\l__regex_max_state_int=\count177
\l__regex_left_state_int=\count178
\l__regex_right_state_int=\count179
\l__regex_capturing_group_int=\count180
\l__regex_min_pos_int=\count181
\l__regex_max_pos_int=\count182
\l__regex_curr_pos_int=\count183
\l__regex_start_pos_int=\count184
\l__regex_success_pos_int=\count185
\l__regex_curr_char_int=\count186
\l__regex_curr_catcode_int=\count187
\l__regex_last_char_int=\count188
\l__regex_case_changed_char_int=\count189
\l__regex_curr_state_int=\count190
\l__regex_step_int=\count191
\l__regex_min_active_int=\count192
\l__regex_max_active_int=\count193
\l__regex_replacement_csnames_int=\count194
\l__regex_match_count_int=\count195
\l__regex_min_submatch_int=\count196
\l__regex_submatch_int=\count197
\l__regex_zeroth_submatch_int=\count198
\g__regex_trace_regex_int=\count199
\c_empty_box=\box33
\l_tmpa_box=\box34
\l_tmpb_box=\box35
\g_tmpa_box=\box36
\g_tmpb_box=\box37
\l__box_top_dim=\dimen149
\l__box_bottom_dim=\dimen150
\l__box_left_dim=\dimen151
\l__box_right_dim=\dimen152
\l__box_top_new_dim=\dimen153
\l__box_bottom_new_dim=\dimen154
\l__box_left_new_dim=\dimen155
\l__box_right_new_dim=\dimen156
\l__box_internal_box=\box38
\l__coffin_internal_box=\box39
\l__coffin_internal_dim=\dimen157
\l__coffin_offset_x_dim=\dimen158
\l__coffin_offset_y_dim=\dimen159
\l__coffin_x_dim=\dimen160
\l__coffin_y_dim=\dimen161
\l__coffin_x_prime_dim=\dimen162
\l__coffin_y_prime_dim=\dimen163
\c_empty_coffin=\box40
\l__coffin_aligned_coffin=\box41
\l__coffin_aligned_internal_coffin=\box42
\l_tmpa_coffin=\box43
\l_tmpb_coffin=\box44
\l__coffin_display_coffin=\box45
\l__coffin_display_coord_coffin=\box46
\l__coffin_display_pole_coffin=\box47
\l__coffin_display_offset_dim=\dimen164
\l__coffin_display_x_dim=\dimen165
\l__coffin_display_y_dim=\dimen166
\g__file_internal_ior=\read2
\l__coffin_bounding_shift_dim=\dimen167
\l__coffin_left_corner_dim=\dimen168
\l__coffin_right_corner_dim=\dimen169
\l__coffin_bottom_corner_dim=\dimen170
\l__coffin_top_corner_dim=\dimen171
\l__coffin_scaled_total_height_dim=\dimen172
\l__coffin_scaled_width_dim=\dimen173
\l__seq_internal_a_int=\count266
\l__seq_internal_b_int=\count267
)
("C:\Users\rooka\AppData\Local\Programs\MiKTeX 2.9\tex\latex\l3kernel\l3pdfmode
.def"
File: l3pdfmode.def 2018-11-19 v L3 Experimental driver: PDF mode
\l__driver_color_stack_int=\count268
))
("C:\Users\rooka\AppData\Local\Programs\MiKTeX 2.9\tex\latex\l3packages\xparse\
xparse.sty"
Package: xparse 2018-10-17 L3 Experimental document command parser
\l__xparse_current_arg_int=\count269
\g__xparse_grabber_int=\count270
\l__xparse_m_args_int=\count271
\l__xparse_mandatory_args_int=\count272
\l__xparse_v_nesting_int=\count273
)
Package: lipsum 2018/11/24 v2.1a 150 paragraphs of Lorem Ipsum dummy text
)
("C:\Users\rooka\AppData\Local\Programs\MiKTeX 2.9\tex\latex\float\float.sty"
Package: float 2001/11/08 v1.3d Float enhancements (AL)
\c@float@type=\count274
\float@exts=\toks22
\float@box=\box48
\@float@everytoks=\toks23
\@floatcapt=\box49
)
("C:\Users\rooka\AppData\Local\Programs\MiKTeX 2.9\tex\latex\psnfss\bookman.sty
"
Package: bookman 2005/04/12 PSNFSS-v9.2a (SPQR) 
)
("C:\Users\rooka\AppData\Local\Programs\MiKTeX 2.9\tex\latex\geometry\geometry.
sty"
Package: geometry 2018/04/16 v5.8 Page Geometry
\Gm@cnth=\count275
\Gm@cntv=\count276
\c@Gm@tempcnt=\count277
\Gm@bindingoffset=\dimen174
\Gm@wd@mp=\dimen175
\Gm@odd@mp=\dimen176
\Gm@even@mp=\dimen177
\Gm@layoutwidth=\dimen178
\Gm@layoutheight=\dimen179
\Gm@layouthoffset=\dimen180
\Gm@layoutvoffset=\dimen181
\Gm@dimlist=\toks24

("C:\Users\rooka\AppData\Local\Programs\MiKTeX 2.9\tex\latex\geometry\geometry.
cfg"))
No file praca_inz.aux.
\openout1 = `praca_inz.aux'.

LaTeX Font Info:    Checking defaults for OML/cmm/m/it on input line 115.
LaTeX Font Info:    ... okay on input line 115.
LaTeX Font Info:    Checking defaults for T1/cmr/m/n on input line 115.
LaTeX Font Info:    ... okay on input line 115.
LaTeX Font Info:    Checking defaults for OT1/cmr/m/n on input line 115.
LaTeX Font Info:    ... okay on input line 115.
LaTeX Font Info:    Checking defaults for OMS/cmsy/m/n on input line 115.
LaTeX Font Info:    ... okay on input line 115.
LaTeX Font Info:    Checking defaults for OMX/cmex/m/n on input line 115.
LaTeX Font Info:    ... okay on input line 115.
LaTeX Font Info:    Checking defaults for U/cmr/m/n on input line 115.
LaTeX Font Info:    ... okay on input line 115.
LaTeX Font Info:    Checking defaults for PD1/pdf/m/n on input line 115.
LaTeX Font Info:    ... okay on input line 115.
LaTeX Font Info:    Checking defaults for PU/pdf/m/n on input line 115.
LaTeX Font Info:    ... okay on input line 115.
LaTeX Font Info:    Try loading font information for T1+pbk on input line 115.
("C:\Users\rooka\AppData\Local\Programs\MiKTeX 2.9\tex\latex\psnfss\t1pbk.fd"
File: t1pbk.fd 2001/06/04 font definitions for T1/pbk.
)
LaTeX Font Info:    Font shape `T1/pbk/m/n' in size <12> not available
(Font)              Font shape `T1/pbk/l/n' tried instead on input line 115.
\AtBeginShipoutBox=\box50
Package hyperref Info: Link coloring OFF on input line 115.

("C:\Users\rooka\AppData\Local\Programs\MiKTeX 2.9\tex\latex\hyperref\nameref.s
ty"
Package: nameref 2016/05/21 v2.44 Cross-referencing by name of section

("C:\Users\rooka\AppData\Local\Programs\MiKTeX 2.9\tex\generic\oberdiek\gettitl
estring.sty"
Package: gettitlestring 2016/05/16 v1.5 Cleanup title references (HO)
)
\c@section@level=\count278
)
LaTeX Info: Redefining \ref on input line 115.
LaTeX Info: Redefining \pageref on input line 115.
LaTeX Info: Redefining \nameref on input line 115.
\@outlinefile=\write3
\openout3 = `praca_inz.out'.


("C:\Users\rooka\AppData\Local\Programs\MiKTeX 2.9\tex\context\base\supp-pdf.mk
ii"
[Loading MPS to PDF converter (version 2006.09.02).]
\scratchcounter=\count279
\scratchdimen=\dimen182
\scratchbox=\box51
\nofMPsegments=\count280
\nofMParguments=\count281
\everyMPshowfont=\toks25
\MPscratchCnt=\count282
\MPscratchDim=\dimen183
\MPnumerator=\count283
\makeMPintoPDFobject=\count284
\everyMPtoPDFconversion=\toks26
)
("C:\Users\rooka\AppData\Local\Programs\MiKTeX 2.9\tex\latex\oberdiek\epstopdf-
base.sty"
Package: epstopdf-base 2016/05/15 v2.6 Base part for package epstopdf

("C:\Users\rooka\AppData\Local\Programs\MiKTeX 2.9\tex\latex\oberdiek\grfext.st
y"
Package: grfext 2016/05/16 v1.2 Manage graphics extensions (HO)
)
Package epstopdf-base Info: Redefining graphics rule for `.eps' on input line 4
38.
Package grfext Info: Graphics extension search list:
(grfext)             [.pdf,.png,.jpg,.mps,.jpeg,.jbig2,.jb2,.PDF,.PNG,.JPG,.JPE
G,.JBIG2,.JB2,.eps]
(grfext)             \AppendGraphicsExtensions on input line 456.
)
Package caption Info: Begin \AtBeginDocument code.
Package caption Info: Incompatible package detected (regarding \@caption).
(caption)             \@caption = \long macro:#1[#2]#3->\expandafter \ifx \csna
me if@capstart\expandafter \endcsname \csname iftrue\endcsname \global \let \@c
urrentHref \hc@currentHref \else \hyper@makecurrent {\@captype }\fi \@ifundefin
ed {NR@gettitle}{\def \@currentlabelname {#2}}{\NR@gettitle {#2}}\par \addconte
ntsline {\csname ext@#1\endcsname }{#1}{\protect \numberline {\csname the#1\end
csname .}{\ignorespaces #2}}\begingroup \@parboxrestore \if@minipage \@setminip
age \fi \captionsettings \expandafter \ifx \csname if@capstart\expandafter \end
csname \csname iftrue\endcsname \global \@capstartfalse \@makecaption {\csname 
fnum@#1\endcsname }{\ignorespaces #3}\else \@makecaption {\csname fnum@#1\endcs
name }{\ignorespaces \ifHy@nesting \expandafter \hyper@@anchor \expandafter {\@
currentHref }{#3}\else \Hy@raisedlink {\expandafter \hyper@@anchor \expandafter
 {\@currentHref }{\relax }}#3\fi }\fi \par \endgroup .


Package caption Warning: \caption will not be redefined since it's already
(caption)                redefined by a document class or package which is
(caption)                unknown to the caption package.
See the caption package documentation for explanation.

Package caption Info: float package is loaded.
Package caption Info: End \AtBeginDocument code.

("C:\Users\rooka\AppData\Local\Programs\MiKTeX 2.9\tex\latex\oberdiek\pdflscape
.sty"
Package: pdflscape 2016/05/14 v0.11 Display of landscape pages in PDF (HO)

("C:\Users\rooka\AppData\Local\Programs\MiKTeX 2.9\tex\latex\graphics\lscape.st
y"
Package: lscape 2000/10/22 v3.01 Landscape Pages (DPC)
)
Package pdflscape Info: Auto-detected driver: pdftex on input line 81.
)
*geometry* driver: auto-detecting
*geometry* detected driver: pdftex
*geometry* verbose mode - [ preamble ] result:
* driver: pdftex
* paper: a4paper
* layout: <same size as paper>
* layoutoffset:(h,v)=(0.0pt,0.0pt)
* modes: 
* h-part:(L,W,R)=(85.35826pt, 455.24411pt, 56.9055pt)
* v-part:(T,H,B)=(56.9055pt, 731.23584pt, 56.9055pt)
* \paperwidth=597.50787pt
* \paperheight=845.04684pt
* \textwidth=455.24411pt
* \textheight=731.23584pt
* \oddsidemargin=13.08827pt
* \evensidemargin=13.08827pt
* \topmargin=-46.36449pt
* \headheight=14.5pt
* \headsep=16.5pt
* \topskip=12.0pt
* \footskip=29.0pt
* \marginparwidth=0.0pt
* \marginparsep=0.0pt
* \columnsep=25.6802pt
* \skip\footins=10.8pt plus 4.0pt minus 2.0pt
* \hoffset=0.0pt
* \voffset=0.0pt
* \mag=1000
* \@twocolumnfalse
* \@twosidefalse
* \@mparswitchfalse
* \@reversemarginfalse
* (1in=72.27pt=25.4mm, 1cm=28.453pt)

LaTeX Font Info:    Font shape `T1/pbk/m/n' in size <24.88> not available
(Font)              Font shape `T1/pbk/l/n' tried instead on input line 116.
LaTeX Font Info:    Font shape `T1/pbk/bx/n' in size <24.88> not available
(Font)              Font shape `T1/pbk/b/n' tried instead on input line 116.
LaTeX Font Info:    Font shape `T1/pbk/b/n' in size <24.88> not available
(Font)              Font shape `T1/pbk/db/n' tried instead on input line 116.
LaTeX Font Info:    Font shape `T1/pbk/m/n' in size <14.4> not available
(Font)              Font shape `T1/pbk/l/n' tried instead on input line 116.
LaTeX Font Info:    Font shape `T1/pbk/bx/n' in size <12> not available
(Font)              Font shape `T1/pbk/b/n' tried instead on input line 116.
LaTeX Font Info:    Font shape `T1/pbk/b/n' in size <12> not available
(Font)              Font shape `T1/pbk/db/n' tried instead on input line 116.
LaTeX Font Info:    Font shape `T1/pbk/m/it' in size <12> not available
(Font)              Font shape `T1/pbk/l/it' tried instead on input line 116.
LaTeX Font Info:    Font shape `T1/pbk/m/n' in size <17.28> not available
(Font)              Font shape `T1/pbk/l/n' tried instead on input line 116.
LaTeX Font Info:    Font shape `T1/pbk/m/sc' in size <17.28> not available
(Font)              Font shape `T1/pbk/l/sc' tried instead on input line 116.
LaTeX Font Info:    External font `cmex10' loaded for size
(Font)              <12> on input line 116.
LaTeX Font Info:    External font `cmex10' loaded for size
(Font)              <8> on input line 116.
LaTeX Font Info:    External font `cmex10' loaded for size
(Font)              <6> on input line 116.
LaTeX Font Info:    Font shape `T1/pbk/bx/sc' in size <24.88> not available
(Font)              Font shape `T1/pbk/b/sc' tried instead on input line 116.
LaTeX Font Info:    Font shape `T1/pbk/b/sc' in size <24.88> not available
(Font)              Font shape `T1/pbk/db/sc' tried instead on input line 116.
LaTeX Font Info:    Font shape `T1/pbk/bx/n' in size <14.4> not available
(Font)              Font shape `T1/pbk/b/n' tried instead on input line 116.
LaTeX Font Info:    Font shape `T1/pbk/b/n' in size <14.4> not available
(Font)              Font shape `T1/pbk/db/n' tried instead on input line 116.
[1

{C:/Users/rooka/AppData/Local/MiKTeX/2.9/pdftex/config/pdftex.map}]
LaTeX Font Info:    Font shape `T1/pbk/bx/n' in size <20.74> not available
(Font)              Font shape `T1/pbk/b/n' tried instead on input line 119.
LaTeX Font Info:    Font shape `T1/pbk/b/n' in size <20.74> not available
(Font)              Font shape `T1/pbk/db/n' tried instead on input line 119.
LaTeX Font Info:    Font shape `T1/pbk/m/n' in size <10.95> not available
(Font)              Font shape `T1/pbk/l/n' tried instead on input line 119.
\tf@toc=\write4
\openout4 = `praca_inz.toc'.

pdfTeX warning (ext4): destination with the same identifier (name{page.1}) has 
been already used, duplicate ignored
<to be read again> 
                   \relax 
l.120 \newpage
               [1

] (wstep.tex
Rozdzia\l  1.

Underfull \vbox (badness 4634) has occurred while \output is active []

 [2

])
(tezy.tex [3]
Rozdzia\l  2.

Overfull \hbox (10.47748pt too wide) in paragraph at lines 7--8
\T1/pbk/l/n/12 sil-nika Unity któ-rej gra-fika b¦-dzie re-pre-zen-to-waªa styl 
gra-ficzny ,,low-poly''. 
 []

[4

]) (projekt.tex [5]
Rozdzia\l  3.

Overfull \hbox (1.76575pt too wide) in paragraph at lines 4--5
\T1/pbk/l/n/12 ska-nych in-for-ma-cji oraz wªa-snej wie-dzy. Ce-lem gªów-nym pr
acy jest próba
 []


Overfull \hbox (2.11357pt too wide) in paragraph at lines 4--5
\T1/pbk/l/n/12 stwo-rze-nia pro-jektu ±wiata przed-sta-wio-nego w stylu gra-fic
z-nym low-poly.
 []

[6

]
Underfull \vbox (badness 10000) has occurred while \output is active []

 [7]
Underfull \vbox (badness 10000) has occurred while \output is active []

 [8]
[9]
Underfull \vbox (badness 10000) has occurred while \output is active []

 [10]
Underfull \vbox (badness 10000) has occurred while \output is active []

 [11]

LaTeX Warning: Citation `1' on page 12 undefined on input line 48.


Overfull \hbox (5.2827pt too wide) in paragraph at lines 47--49
[]\T1/pbk/l/n/12 Rozwój tech-no-lo-gii sil-ni-ków gier umo»-li-wiª nowe roz-wi¡
-za-nia dla obiek-
 []

<lowpolytuto.jpg, id=65, 1284.8pt x 722.7pt>
File: lowpolytuto.jpg Graphic file (type jpg)
<use lowpolytuto.jpg>
Package pdftex.def Info: lowpolytuto.jpg  used on input line 55.
(pdftex.def)             Requested size: 341.43307pt x 192.05493pt.

Underfull \vbox (badness 10000) has occurred while \output is active []

 [12pdfTeX warning (ext4): destination with the same identifier (name{figure.3.
1}) has been already used, duplicate ignored

\AtBegShi@Output ...ipout \box \AtBeginShipoutBox 
                                                  \fi \fi 
l.66 
      <./lowpolytuto.jpg>] [13]

LaTeX Warning: Citation `2' on page 14 undefined on input line 73.

[14]) (metodyka.tex [15]
Rozdzia\l  4.
[16

]
<barrelref.jpg, id=94, 1204.5pt x 1204.5pt>
File: barrelref.jpg Graphic file (type jpg)
<use barrelref.jpg>
Package pdftex.def Info: barrelref.jpg  used on input line 31.
(pdftex.def)             Requested size: 455.24411pt x 455.25195pt.
<carref.jpg, id=95, 2890.8pt x 1626.075pt>
File: carref.jpg Graphic file (type jpg)
<use carref.jpg>
Package pdftex.def Info: carref.jpg  used on input line 43.
(pdftex.def)             Requested size: 455.24411pt x 256.05855pt.
<coneref.jpg, id=96, 1027.84pt x 685.56125pt>
File: coneref.jpg Graphic file (type jpg)
<use coneref.jpg>
Package pdftex.def Info: coneref.jpg  used on input line 55.
(pdftex.def)             Requested size: 455.24411pt x 303.64589pt.
 [17pdfTeX warning (ext4): destination with the same identifier (name{figure.4.
1}) has been already used, duplicate ignored

\AtBegShi@Output ...ipout \box \AtBeginShipoutBox 
                                                  \fi \fi 
l.65 \newpage
              <./barrelref.jpg>]

LaTeX Warning: Text page 18 contains only floats.


Underfull \vbox (badness 3657) has occurred while \output is active []

 [18pdfTeX warning (ext4): destination with the same identifier (name{figure.4.
2}) has been already used, duplicate ignored

\AtBegShi@Output ...ipout \box \AtBeginShipoutBox 
                                                  \fi \fi 
l.65 \newpage
             pdfTeX warning (ext4): destination with the same identifier (name{
figure.4.3}) has been already used, duplicate ignored

\AtBegShi@Output ...ipout \box \AtBeginShipoutBox 
                                                  \fi \fi 
l.65 \newpage
              <./carref.jpg> <./coneref.jpg>]
<mirror.png, id=109, 427.5975pt x 335.00156pt>
File: mirror.png Graphic file (type png)
<use mirror.png>
Package pdftex.def Info: mirror.png  used on input line 72.
(pdftex.def)             Requested size: 455.24411pt x 356.65903pt.
 [19pdfTeX warning (ext4): destination with the same identifier (name{figure.4.
4}) has been already used, duplicate ignored

\AtBegShi@Output ...ipout \box \AtBeginShipoutBox 
                                                  \fi \fi 
l.79 \newpage
              <./mirror.png>]
<solidify.png, id=118, 703.12688pt x 359.84438pt>
File: solidify.png Graphic file (type png)
<use solidify.png>
Package pdftex.def Info: solidify.png  used on input line 85.
(pdftex.def)             Requested size: 318.66948pt x 163.08702pt.

Overfull \hbox (0.86636pt too wide) in paragraph at lines 81--91
[]\T1/pbk/l/n/12 Solidify sªu»y do po-gru-bia-nia obiek-tów bez ob-j¦-to-±ci. P
ªa-skie ele-menty
 []

<bevel.png, id=119, 415.5525pt x 378.66469pt>
File: bevel.png Graphic file (type png)
<use bevel.png>
Package pdftex.def Info: bevel.png  used on input line 97.
(pdftex.def)             Requested size: 318.66948pt x 290.394pt.
[20pdfTeX warning (ext4): destination with the same identifier (name{figure.4.5
}) has been already used, duplicate ignored

\AtBegShi@Output ...ipout \box \AtBeginShipoutBox 
                                                  \fi \fi 
l.104 \newpage
              pdfTeX warning (ext4): destination with the same identifier (name
{figure.4.6}) has been already used, duplicate ignored

\AtBegShi@Output ...ipout \box \AtBeginShipoutBox 
                                                  \fi \fi 
l.104 \newpage
               <./solidify.png> <./bevel.png>]

LaTeX Warning: Citation `3' on page 21 undefined on input line 105.


Overfull \hbox (4.51411pt too wide) in paragraph at lines 105--106
\T1/pbk/l/n/12 dzi¦ki czemu uzy-skuje si¦ efekt low-poly. Mo»-li-wym jest zmiej
-sze-nie siatki
 []

<modyfikatory.png, id=128, 477.28313pt x 325.215pt>
File: modyfikatory.png Graphic file (type png)
<use modyfikatory.png>
Package pdftex.def Info: modyfikatory.png  used on input line 110.
(pdftex.def)             Requested size: 455.24411pt x 310.19804pt.

Underfull \vbox (badness 10000) has occurred while \output is active []

 [21pdfTeX warning (ext4): destination with the same identifier (name{figure.4.
7}) has been already used, duplicate ignored

\AtBegShi@Output ...ipout \box \AtBeginShipoutBox 
                                                  \fi \fi 
l.119 
       <./modyfikatory.png>]
<wireframe.png, id=135, 869.49844pt x 508.14844pt>
File: wireframe.png Graphic file (type png)
<use wireframe.png>
Package pdftex.def Info: wireframe.png  used on input line 123.
(pdftex.def)             Requested size: 455.24411pt x 266.05307pt.
 [22pdfTeX warning (ext4): destination with the same identifier (name{figure.4.
8}) has been already used, duplicate ignored

\AtBegShi@Output ...ipout \box \AtBeginShipoutBox 
                                                  \fi \fi 
l.130 \newpage
               <./wireframe.png>]
<ksztalt.png, id=143, 964.35281pt x 551.81157pt>
File: ksztalt.png Graphic file (type png)
<use ksztalt.png>
Package pdftex.def Info: ksztalt.png  used on input line 137.
(pdftex.def)             Requested size: 455.24411pt x 260.49658pt.
 [23pdfTeX warning (ext4): destination with the same identifier (name{figure.4.
9}) has been already used, duplicate ignored

\AtBegShi@Output ...ipout \box \AtBeginShipoutBox 
                                                  \fi \fi 
l.145 \newpage
               <./ksztalt.png>]
<opona.png, id=151, 792.71156pt x 539.76656pt>
File: opona.png Graphic file (type png)
<use opona.png>
Package pdftex.def Info: opona.png  used on input line 151.
(pdftex.def)             Requested size: 318.66948pt x 216.98997pt.
 [24pdfTeX warning (ext4): destination with the same identifier (name{figure.4.
10}) has been already used, duplicate ignored

\AtBegShi@Output ...ipout \box \AtBeginShipoutBox 
                                                  \fi \fi 
l.159 
       <./opona.png>]
<lusterko.png, id=159, 578.91281pt x 368.87813pt>
File: lusterko.png Graphic file (type png)
<use lusterko.png>
Package pdftex.def Info: lusterko.png  used on input line 165.
(pdftex.def)             Requested size: 364.19667pt x 232.06235pt.
 [25pdfTeX warning (ext4): destination with the same identifier (name{figure.4.
11}) has been already used, duplicate ignored

\AtBegShi@Output ...ipout \box \AtBeginShipoutBox 
                                                  \fi \fi 
l.174 
       <./lusterko.png>]
<materialcar.png, id=166, 556.479pt x 452.28975pt>
File: materialcar.png Graphic file (type png)
<use materialcar.png>
Package pdftex.def Info: materialcar.png  used on input line 178.
(pdftex.def)             Requested size: 364.19667pt x 296.00696pt.
<car.png, id=167, 1927.2pt x 1084.05pt>
File: car.png Graphic file (type png)
<use car.png>
Package pdftex.def Info: car.png  used on input line 188.
(pdftex.def)             Requested size: 364.19667pt x 204.84683pt.
 [26pdfTeX warning (ext4): destination with the same identifier (name{figure.4.
12}) has been already used, duplicate ignored

\AtBegShi@Output ...ipout \box \AtBeginShipoutBox 
                                                  \fi \fi 
l.196 \newpage
              pdfTeX warning (ext4): destination with the same identifier (name
{figure.4.13}) has been already used, duplicate ignored

\AtBegShi@Output ...ipout \box \AtBeginShipoutBox 
                                                  \fi \fi 
l.196 \newpage
               <./materialcar.png> <./car.png>]
<przeszkody.png, id=175, 1927.2pt x 1084.05pt>
File: przeszkody.png Graphic file (type png)
<use przeszkody.png>
Package pdftex.def Info: przeszkody.png  used on input line 205.
(pdftex.def)             Requested size: 364.19667pt x 204.84683pt.
 [27pdfTeX warning (ext4): destination with the same identifier (name{figure.4.
14}) has been already used, duplicate ignored

\AtBegShi@Output ...ipout \box \AtBeginShipoutBox 
                                                  \fi \fi 
l.213 \newpage
               <./przeszkody.png>]
Overfull \hbox (4.99403pt too wide) in paragraph at lines 216--217
\T1/pbk/l/n/12 showa, ma-te-riaªy na-ªo-»one na obiekt, oraz ani-ma-cje. Nie-st
ety skala obiek-
 []

[28]
<scena1.png, id=188, 866.48718pt x 474.27188pt>
File: scena1.png Graphic file (type png)
<use scena1.png>
Package pdftex.def Info: scena1.png  used on input line 226.
(pdftex.def)             Requested size: 455.24411pt x 249.17738pt.
 [29pdfTeX warning (ext4): destination with the same identifier (name{figure.4.
15}) has been already used, duplicate ignored

\AtBegShi@Output ...ipout \box \AtBeginShipoutBox 
                                                  \fi \fi 
l.233 \newpage
               <./scena1.png>]
<scena3.png, id=196, 867.24pt x 474.27188pt>
File: scena3.png Graphic file (type png)
<use scena3.png>
Package pdftex.def Info: scena3.png  used on input line 237.
(pdftex.def)             Requested size: 455.24411pt x 248.96028pt.
<scena5.png, id=197, 865.73438pt x 476.53032pt>
File: scena5.png Graphic file (type png)
<use scena5.png>
Package pdftex.def Info: scena5.png  used on input line 247.
(pdftex.def)             Requested size: 455.24411pt x 250.58208pt.
 [30pdfTeX warning (ext4): destination with the same identifier (name{figure.4.
16}) has been already used, duplicate ignored

\AtBegShi@Output ...ipout \box \AtBeginShipoutBox 
                                                  \fi \fi 
l.254 \newpage
              pdfTeX warning (ext4): destination with the same identifier (name
{figure.4.17}) has been already used, duplicate ignored

\AtBegShi@Output ...ipout \box \AtBeginShipoutBox 
                                                  \fi \fi 
l.254 \newpage
               <./scena3.png> <./scena5.png>]
Overfull \hbox (6.3383pt too wide) in paragraph at lines 256--257
\T1/pbk/l/n/12 wierzch-ni¡ plan-szy. Aby unik-n¡¢ nie-chcia-nych pod-sko-ków po
-jazdu, stwo-
 []

<slippermat.png, id=207, 289.83281pt x 120.45pt>
File: slippermat.png Graphic file (type png)
<use slippermat.png>
Package pdftex.def Info: slippermat.png  used on input line 262.
(pdftex.def)             Requested size: 455.24411pt x 189.2043pt.
[31pdfTeX warning (ext4): destination with the same identifier (name{figure.4.1
8}) has been already used, duplicate ignored

\AtBegShi@Output ...ipout \box \AtBeginShipoutBox 
                                                  \fi \fi 
l.269 \newpage
               <./slippermat.png>]
<levelcomplete2.png, id=215, 1157.07281pt x 737.00343pt>
File: levelcomplete2.png Graphic file (type png)
<use levelcomplete2.png>
Package pdftex.def Info: levelcomplete2.png  used on input line 277.
(pdftex.def)             Requested size: 455.24411pt x 289.97173pt.
 [32pdfTeX warning (ext4): destination with the same identifier (name{figure.4.
19}) has been already used, duplicate ignored

\AtBegShi@Output ...ipout \box \AtBeginShipoutBox 
                                                  \fi \fi 
l.285 \newpage
               <./levelcomplete2.png>]
<playermove.png, id=223, 551.81157pt x 441.14813pt>
File: playermove.png Graphic file (type png)
<use playermove.png>
Package pdftex.def Info: playermove.png  used on input line 294.
(pdftex.def)             Requested size: 455.24411pt x 363.96515pt.
 [33pdfTeX warning (ext4): destination with the same identifier (name{figure.4.
20}) has been already used, duplicate ignored

\AtBegShi@Output ...ipout \box \AtBeginShipoutBox 
                                                  \fi \fi 
l.301 \newpage
               <./playermove.png>]

LaTeX Warning: Citation `4' on page 34 undefined on input line 302.


LaTeX Warning: Citation `5' on page 34 undefined on input line 302.


Overfull \hbox (12.28966pt too wide) in paragraph at lines 302--303
\T1/pbk/l/n/12 kla-tek, do zmien-nej okre-±la-j¡-cej pr¦d-ko±¢ po-jazdu do-dano
 \T1/pbk/l/it/12 Time.deltaTime\T1/pbk/l/n/12 .
 []

<carmove.png, id=232, 670.75594pt x 474.27188pt>
File: carmove.png Graphic file (type png)
<use carmove.png>
Package pdftex.def Info: carmove.png  used on input line 309.
(pdftex.def)             Requested size: 455.24411pt x 321.88548pt.

LaTeX Warning: `!h' float specifier changed to `!ht'.

<followplayer.png, id=233, 388.45125pt x 198.7425pt>
File: followplayer.png Graphic file (type png)
<use followplayer.png>
Package pdftex.def Info: followplayer.png  used on input line 321.
(pdftex.def)             Requested size: 455.24411pt x 232.92201pt.

LaTeX Warning: `!h' float specifier changed to `!ht'.

[34]

LaTeX Warning: Text page 35 contains only floats.


Overfull \vbox (0.55151pt too high) has occurred while \output is active []


[35pdfTeX warning (ext4): destination with the same identifier (name{figure.4.2
1}) has been already used, duplicate ignored

\AtBegShi@Output ...ipout \box \AtBeginShipoutBox 
                                                  \fi \fi 
l.327 \newpage
              pdfTeX warning (ext4): destination with the same identifier (name
{figure.4.22}) has been already used, duplicate ignored

\AtBegShi@Output ...ipout \box \AtBeginShipoutBox 
                                                  \fi \fi 
l.327 \newpage
               <./carmove.png> <./followplayer.png>]
<playercollision.png, id=246, 386.94562pt x 234.8775pt>
File: playercollision.png Graphic file (type png)
<use playercollision.png>
Package pdftex.def Info: playercollision.png  used on input line 334.
(pdftex.def)             Requested size: 455.24411pt x 276.3395pt.
 [36pdfTeX warning (ext4): destination with the same identifier (name{figure.4.
23}) has been already used, duplicate ignored

\AtBegShi@Output ...ipout \box \AtBeginShipoutBox 
                                                  \fi \fi 
l.341 \newpage
               <./playercollision.png>]
<kolizja1.png, id=255, 674.52pt x 440.39531pt>
File: kolizja1.png Graphic file (type png)
<use kolizja1.png>
Package pdftex.def Info: kolizja1.png  used on input line 345.
(pdftex.def)             Requested size: 455.24411pt x 297.23384pt.

Overfull \hbox (0.14632pt too wide) in paragraph at lines 352--353
\T1/pbk/l/n/12 wiona jako pu-bliczna. Stwo-rzono typ lo-giczny bool ga-me-Ha-sE
n-ded, który
 []

[37pdfTeX warning (ext4): destination with the same identifier (name{figure.4.2
4}) has been already used, duplicate ignored

\AtBegShi@Output ...ipout \box \AtBeginShipoutBox 
                                                  \fi \fi 
l.354 \newpage
               <./kolizja1.png>]
<gamemanager.png, id=261, 468.24937pt x 413.29407pt>
File: gamemanager.png Graphic file (type png)
<use gamemanager.png>
Package pdftex.def Info: gamemanager.png  used on input line 360.
(pdftex.def)             Requested size: 455.24411pt x 401.8344pt.
 [38pdfTeX warning (ext4): destination with the same identifier (name{figure.4.
25}) has been already used, duplicate ignored

\AtBegShi@Output ...ipout \box \AtBeginShipoutBox 
                                                  \fi \fi 
l.368 \newpage
               <./gamemanager.png>]
<endtrigger.png, id=268, 236.38312pt x 142.28156pt>
File: endtrigger.png Graphic file (type png)
<use endtrigger.png>
Package pdftex.def Info: endtrigger.png  used on input line 375.
(pdftex.def)             Requested size: 364.19667pt x 219.22064pt.
<loadlevel.png, id=269, 414.04688pt x 136.25906pt>
File: loadlevel.png Graphic file (type png)
<use loadlevel.png>
Package pdftex.def Info: loadlevel.png  used on input line 385.
(pdftex.def)             Requested size: 455.24411pt x 149.82095pt.
 [39pdfTeX warning (ext4): destination with the same identifier (name{figure.4.
26}) has been already used, duplicate ignored

\AtBegShi@Output ...ipout \box \AtBeginShipoutBox 
                                                  \fi \fi 
l.393 
      pdfTeX warning (ext4): destination with the same identifier (name{figure.
4.27}) has been already used, duplicate ignored

\AtBegShi@Output ...ipout \box \AtBeginShipoutBox 
                                                  \fi \fi 
l.393 
       <./endtrigger.png> <./loadlevel.png>]
<build.png, id=279, 483.30562pt x 462.22687pt>
File: build.png Graphic file (type png)
<use build.png>
Package pdftex.def Info: build.png  used on input line 397.
(pdftex.def)             Requested size: 364.19667pt x 348.32675pt.
 [40pdfTeX warning (ext4): destination with the same identifier (name{figure.4.
28}) has been already used, duplicate ignored

\AtBegShi@Output ...ipout \box \AtBeginShipoutBox 
                                                  \fi \fi 
l.406 \newpage
               <./build.png>]
<inno.png, id=286, 399.74344pt x 296.60812pt>
File: inno.png Graphic file (type png)
<use inno.png>
Package pdftex.def Info: inno.png  used on input line 415.
(pdftex.def)             Requested size: 318.66948pt x 236.4631pt.
) (podsumowanie.tex [41pdfTeX warning (ext4): destination with the same identif
ier (name{figure.4.29}) has been already used, duplicate ignored

\AtBegShi@Output ...ipout \box \AtBeginShipoutBox 
                                                  \fi \fi 
l.2 \newpage
             <./inno.png>]
Rozdzia\l  5.

Underfull \vbox (badness 7415) has occurred while \output is active []

 [42

]
Overfull \hbox (10.58624pt too wide) in paragraph at lines 10--11
\T1/pbk/l/n/12 ani-ma-cjami oraz mo-de-lo-wa-niem 3D. Jest to spo-wo-do-wane br
a-kiem wspar-
 []


Underfull \vbox (badness 10000) has occurred while \output is active []

 [43])
[44] (praca_inz.bbl)
\tf@lof=\write5
\openout5 = `praca_inz.lof'.

 (zalaczniki.tex [45

]
<oswiadczenie.pdf, id=313, 614.295pt x 794.97pt>
File: oswiadczenie.pdf Graphic file (type pdf)
<use oswiadczenie.pdf>
Package pdftex.def Info: oswiadczenie.pdf  used on input line 20.
(pdftex.def)             Requested size: 614.29349pt x 794.96806pt.
File: oswiadczenie.pdf Graphic file (type pdf)
<use oswiadczenie.pdf>
Package pdftex.def Info: oswiadczenie.pdf  used on input line 20.
(pdftex.def)             Requested size: 614.29349pt x 794.96806pt.
<oswiadczenie.pdf, id=316, page=1, 614.295pt x 794.97pt>
File: oswiadczenie.pdf Graphic file (type pdf)
<use oswiadczenie.pdf, page 1>
Package pdftex.def Info: oswiadczenie.pdf , page1 used on input line 20.
(pdftex.def)             Requested size: 614.29349pt x 794.96806pt.
File: oswiadczenie.pdf Graphic file (type pdf)
<use oswiadczenie.pdf, page 1>
Package pdftex.def Info: oswiadczenie.pdf , page1 used on input line 20.
(pdftex.def)             Requested size: 597.78697pt x 773.60669pt.
 [46

]
File: oswiadczenie.pdf Graphic file (type pdf)
<use oswiadczenie.pdf, page 1>
Package pdftex.def Info: oswiadczenie.pdf , page1 used on input line 20.
(pdftex.def)             Requested size: 597.78697pt x 773.60669pt.
File: oswiadczenie.pdf Graphic file (type pdf)
<use oswiadczenie.pdf, page 1>
Package pdftex.def Info: oswiadczenie.pdf , page1 used on input line 20.
(pdftex.def)             Requested size: 597.78697pt x 773.60669pt.
File: oswiadczenie.pdf Graphic file (type pdf)
<use oswiadczenie.pdf, page 1>
Package pdftex.def Info: oswiadczenie.pdf , page1 used on input line 20.
(pdftex.def)             Requested size: 597.78697pt x 773.60669pt.
 [47 <./oswiadczenie.pdf>])
Package atveryend Info: Empty hook `BeforeClearDocument' on input line 151.
Package atveryend Info: Empty hook `AfterLastShipout' on input line 151.

(praca_inz.aux)
Package atveryend Info: Executing hook `AtVeryEndDocument' on input line 151.
Package atveryend Info: Executing hook `AtEndAfterFileList' on input line 151.


Package rerunfilecheck Warning: File `praca_inz.out' has changed.
(rerunfilecheck)                Rerun to get outlines right
(rerunfilecheck)                or use package `bookmark'.

Package rerunfilecheck Info: Checksums for `praca_inz.out':
(rerunfilecheck)             Before: <no file>
(rerunfilecheck)             After:  3F7B781D32F05BFB0086DE73AC75E2C8;5917.

LaTeX Warning: There were undefined references.


LaTeX Warning: Label(s) may have changed. Rerun to get cross-references right.

Package atveryend Info: Empty hook `AtVeryVeryEnd' on input line 151.
 ) 
Here is how much of TeX's memory you used:
 21987 strings out of 492970
 369585 string characters out of 3126593
 586694 words of memory out of 3000000
 25533 multiletter control sequences out of 15000+200000
 554854 words of font info for 59 fonts, out of 3000000 for 9000
 1141 hyphenation exceptions out of 8191
 40i,18n,63p,1545b,501s stack positions out of 5000i,500n,10000p,200000b,50000s
{C:/Users/rooka/AppData/Local/Programs/MiKTeX 2.9/fonts/enc/dvips/base/8r.enc
}<C:/Users/rooka/AppData/Local/Programs/MiKTeX 2.9/fonts/type1/urw/bookman/ubkd
8a.pfb><C:/Users/rooka/AppData/Local/Programs/MiKTeX 2.9/fonts/type1/urw/bookma
n/ubkl8a.pfb><C:/Users/rooka/AppData/Local/Programs/MiKTeX 2.9/fonts/type1/urw/
bookman/ubkli8a.pfb>
Output written on praca_inz.pdf (48 pages, 8058180 bytes).
PDF statistics:
 393 PDF objects out of 1000 (max. 8388607)
 112 named destinations out of 1000 (max. 500000)
 171 words of extra memory for PDF output out of 10000 (max. 10000000)

