\BOOKMARK [0][-]{chapter.1}{\376\377\000W\000s\000t\001\031\000p}{}% 1
\BOOKMARK [0][-]{chapter.2}{\376\377\000C\000e\000l\000\040\000p\000r\000a\000c\000y\000,\000\040\000w\000y\000m\000a\000g\000a\000n\000i\000a\000\040\000u\001\174\000y\000t\000k\000o\000w\000n\000i\000k\000a\000,\000\040\000z\000a\001\102\000o\001\174\000e\000n\000i\000a\000,\000\040\000z\000a\000k\000r\000e\000s\000\040\000i\000\040\000t\000e\000z\000y\000\040\000p\000r\000a\000c\000y}{}% 2
\BOOKMARK [1][-]{section.2.1}{\376\377\000C\000e\000l\000\040\000p\000r\000a\000c\000y}{chapter.2}% 3
\BOOKMARK [1][-]{section.2.2}{\376\377\000W\000y\000m\000a\000g\000a\000n\000i\000a\000\040\000u\001\174\000y\000t\000k\000o\000w\000n\000i\000k\000a}{chapter.2}% 4
\BOOKMARK [1][-]{section.2.3}{\376\377\000Z\000a\001\102\000o\001\174\000e\000n\000i\000a}{chapter.2}% 5
\BOOKMARK [1][-]{section.2.4}{\376\377\000Z\000a\000k\000r\000e\000s}{chapter.2}% 6
\BOOKMARK [1][-]{section.2.5}{\376\377\000T\000e\000z\000a\000\040\000p\000r\000a\000c\000y}{chapter.2}% 7
\BOOKMARK [0][-]{chapter.3}{\376\377\000B\000a\000d\000a\000n\000i\000a\000\040\000w\001\102\000a\000s\000n\000e}{}% 8
\BOOKMARK [1][-]{section.3.1}{\376\377\000P\000r\000o\000g\000r\000a\000m\000\040\000d\000o\000\040\000m\000o\000d\000e\000l\000o\000w\000a\000n\000i\000a\000\040\0003\000D}{chapter.3}% 9
\BOOKMARK [1][-]{section.3.2}{\376\377\000S\000t\000y\000l\000\040\000g\000r\000a\000f\000i\000k\000i\000\040\040\023\000\040\000L\000o\000w\000-\000p\000o\000l\000y}{chapter.3}% 10
\BOOKMARK [1][-]{section.3.3}{\376\377\001\132\000r\000o\000d\000o\000w\000i\000s\000k\000o\000\040\000t\000w\000o\000r\000z\000e\000n\000i\000a\000\040\000g\000r\000y}{chapter.3}% 11
\BOOKMARK [0][-]{chapter.4}{\376\377\000M\000e\000t\000o\000d\000a\000\040\000z\000r\000e\000a\000l\000i\000z\000o\000w\000a\000n\000i\000a\000\040\000p\000r\000a\000c\000y}{}% 12
\BOOKMARK [1][-]{section.4.1}{\376\377\000N\000a\000r\000z\001\031\000d\000z\000i\000a\000\040\000b\000a\000d\000a\000w\000c\000z\000e}{chapter.4}% 13
\BOOKMARK [1][-]{section.4.2}{\376\377\000T\000e\000c\000h\000n\000i\000k\000a\000\040\000t\000w\000o\000r\000z\000e\000n\000i\000a\000\040\000o\000b\000i\000e\000k\000t\000\363\000w\000\040\0003\000D}{chapter.4}% 14
\BOOKMARK [2][-]{subsection.4.2.1}{\376\377\000O\000p\000a\000r\000c\000i\000e\000\040\000n\000a\000\040\000z\000d\000j\001\031\000c\000i\000a\000c\000h\000\040\000r\000e\000f\000e\000r\000e\000n\000c\000y\000j\000n\000y\000c\000h}{section.4.2}% 15
\BOOKMARK [2][-]{subsection.4.2.2}{\376\377\000M\000o\000d\000y\000f\000i\000k\000a\000t\000o\000r\000y\000\040\000o\000b\000i\000e\000k\000t\000\363\000w}{section.4.2}% 16
\BOOKMARK [2][-]{subsection.4.2.3}{\376\377\000W\000i\000r\000e\000f\000r\000a\000m\000e\000\040\000c\000z\000y\000l\000i\000\040\000s\000i\000a\000t\000k\000a\000\040\000m\000e\000s\000h\000o\000w\000a}{section.4.2}% 17
\BOOKMARK [2][-]{subsection.4.2.4}{\376\377\000T\000w\000o\000r\000z\000e\000n\000i\000e\000\040\000m\000o\000d\000e\000l\000u\000\040\0003\000D\000\040\000p\000o\000j\000a\000z\000d\000u}{section.4.2}% 18
\BOOKMARK [2][-]{subsection.4.2.5}{\376\377\000T\000w\000o\000r\000z\000e\000n\000i\000e\000\040\000m\000o\000d\000e\000l\000u\000\040\0003\000D\000\040\000p\000r\000z\000e\000s\000z\000k\000\363\000d}{section.4.2}% 19
\BOOKMARK [1][-]{section.4.3}{\376\377\001\132\000r\000o\000d\000o\000w\000i\000s\000k\000o\000\040\000U\000n\000i\000t\000y}{chapter.4}% 20
\BOOKMARK [2][-]{subsection.4.3.1}{\376\377\000S\000c\000e\000n\000a\000r\000i\000u\000s\000z\000\040\000r\000o\000z\000g\000r\000y\000w\000k\000i}{section.4.3}% 21
\BOOKMARK [2][-]{subsection.4.3.2}{\376\377\000M\000a\000t\000e\000r\000i\000a\001\102\000\040\000p\000o\001\133\000l\000i\000z\000g\000o\000w\000y}{section.4.3}% 22
\BOOKMARK [2][-]{subsection.4.3.3}{\376\377\000A\000n\000i\000m\000a\000c\000j\000e}{section.4.3}% 23
\BOOKMARK [1][-]{section.4.4}{\376\377\000P\000r\000o\000g\000r\000a\000m\000o\000w\000a\000n\000i\000e\000\040\000s\000k\000r\000y\000p\000t\000\363\000w}{chapter.4}% 24
\BOOKMARK [2][-]{subsection.4.4.1}{\376\377\000P\000o\000r\000u\000s\000z\000a\000n\000i\000e\000\040\000p\000o\000j\000a\000z\000d\000e\000m}{section.4.4}% 25
\BOOKMARK [2][-]{subsection.4.4.2}{\376\377\000O\000b\000s\001\102\000u\000g\000a\000\040\000k\000o\000l\000i\000z\000j\000i}{section.4.4}% 26
\BOOKMARK [2][-]{subsection.4.4.3}{\376\377\001\101\000a\000d\000o\000w\000a\000n\000i\000e\000\040\000p\000o\000z\000i\000o\000m\000\363\000w}{section.4.4}% 27
\BOOKMARK [1][-]{section.4.5}{\376\377\000P\000r\000z\000y\000g\000o\000t\000o\000w\000a\000n\000i\000e\000\040\000g\000r\000y\000\040\000d\000o\000\040\000p\000u\000b\000l\000i\000k\000a\000c\000j\000i}{chapter.4}% 28
\BOOKMARK [0][-]{chapter.5}{\376\377\000P\000o\000d\000s\000u\000m\000o\000w\000a\000n\000i\000e}{}% 29
\BOOKMARK [0][-]{chapter*.2}{\376\377\000S\000p\000i\000s\000\040\000r\000y\000s\000u\000n\000k\000\363\000w}{}% 30
\BOOKMARK [0][-]{chapter*.3}{\376\377\000Z\000a\001\102\001\005\000c\000z\000n\000i\000k\000i}{}% 31
\BOOKMARK [1][-]{section*.4}{\376\377\000Z\000a\001\102\000.\000\040\000n\000r\000\040\0001\000\040\000O\001\133\000w\000i\000a\000d\000c\000z\000e\000n\000i\000e\000\040\000d\000o\000t\000y\000c\000z\001\005\000c\000e\000\040\000p\000r\000a\000w\000\040\000a\000u\000t\000o\000r\000s\000k\000i\000c\000h\000\040\000i\000\040\000d\000a\000n\000y\000c\000h\000\040\000o\000s\000o\000b\000o\000w\000y\000c\000h\000\040\000p\000r\000z\000e\000c\000h\000o\000w\000y\000w\000a\000n\000y\000c\000h\000\040\000w\000\040\000S\000y\000s\000t\000e\000m\000i\000e\000\040\000A\000n\000t\000y\000p\000l\000a\000g\000i\000a\000t\000o\000w\000y\000m}{chapter*.3}% 32
\BOOKMARK [1][-]{section*.5}{\376\377\000Z\000a\001\102\000.\000\040\000n\000r\000\040\0002\000\040\000P\001\102\000y\000t\000a\000\040\000C\000D}{chapter*.3}% 33
